2021-06-29 00:28:16.882  INFO 17372 --- [main] lavalink.server.Launcher                 : 

[32m       .  [31m _                  _ _       _    [32m__ _ _
[32m      /\\ [31m| | __ ___   ____ _| (_)_ __ | | __[32m\ \ \ \
[32m     ( ( )[31m| |/ _` \ \ / / _` | | | '_ \| |/ /[32m \ \ \ \
[32m      \\/ [31m| | (_| |\ V / (_| | | | | | |   < [32m  ) ) ) )
[32m       '  [31m|_|\__,_| \_/ \__,_|_|_|_| |_|_|\_\[32m / / / /
[0m    =========================================[32m/_/_/_/[0m

	Version:        3.3.2.5
	Build:          1222
	Build time:     11.04.2021 08:07:27 UTC
	Branch          master
	Commit:         7b914f2
	Commit time:    09.04.2021 17:14:27 UTC
	JVM:            13
	Lavaplayer      1.3.76

2021-06-29 00:28:17.008  INFO 17372 --- [main] lavalink.server.Launcher                 : Starting Launcher on DESKTOP-AR0T70S with PID 17372 (D:\BOT DISCORD\Roomba\Roomba - Distube + Erela - Copie\roomba-backend\Lavalink.jar started by Alex in D:\BOT DISCORD\Roomba\Roomba - Distube + Erela - Copie\roomba-backend)
2021-06-29 00:28:17.011  INFO 17372 --- [main] lavalink.server.Launcher                 : No active profile set, falling back to default profiles: default
2021-06-29 00:28:17.073  WARN 17372 --- [background-preinit] o.s.h.c.j.Jackson2ObjectMapperBuilder    : For Jackson Kotlin classes support please add "com.fasterxml.jackson.module:jackson-module-kotlin" to the classpath
2021-06-29 00:28:18.576  WARN 17372 --- [main] io.undertow.websockets.jsr               : UT026010: Buffer pool was not set on WebSocketDeploymentInfo, the default pool will be used
2021-06-29 00:28:18.606  INFO 17372 --- [main] io.undertow.servlet                      : Initializing Spring embedded WebApplicationContext
2021-06-29 00:28:18.608  INFO 17372 --- [main] o.s.web.context.ContextLoader            : Root WebApplicationContext: initialization completed in 1552 ms
2021-06-29 00:28:18.962  WARN 17372 --- [main] l.server.config.SentryConfiguration      : Turning off sentry
2021-06-29 00:28:19.282  INFO 17372 --- [main] c.s.d.l.tools.GarbageCollectionMonitor   : GC monitoring enabled, reporting results every 2 minutes.
2021-06-29 00:28:19.878  INFO 17372 --- [main] lavalink.server.config.KoeConfiguration  : OS: Windows 10, Arch: amd64
2021-06-29 00:28:19.878  WARN 17372 --- [main] lavalink.server.config.KoeConfiguration  : This system and architecture appears to not support native audio sending! GC pauses may cause your bot to stutter during playback.
2021-06-29 00:28:20.148  INFO 17372 --- [main] o.s.s.concurrent.ThreadPoolTaskExecutor  : Initializing ExecutorService 'applicationTaskExecutor'
2021-06-29 00:28:20.462  INFO 17372 --- [main] org.xnio                                 : XNIO version 3.3.8.Final
2021-06-29 00:28:20.473  INFO 17372 --- [main] org.xnio.nio                             : XNIO NIO Implementation Version 3.3.8.Final
2021-06-29 00:28:20.528  INFO 17372 --- [main] o.s.b.w.e.u.UndertowServletWebServer     : Undertow started on port(s) 8000 (http) with context path ''
2021-06-29 00:28:20.536  INFO 17372 --- [main] lavalink.server.Launcher                 : Started Launcher in 4.174 seconds (JVM running for 5.007)
2021-06-29 00:28:20.538  INFO 17372 --- [main] lavalink.server.Launcher                 : You can safely ignore the big red warning about illegal reflection. See https://github.com/Frederikam/Lavalink/issues/295
2021-06-29 00:28:36.494  INFO 17372 --- [Thread-1] o.s.s.concurrent.ThreadPoolTaskExecutor  : Shutting down ExecutorService 'applicationTaskExecutor'
2021-06-29 00:28:36.496  INFO 17372 --- [Thread-1] c.s.d.l.tools.GarbageCollectionMonitor   : GC monitoring disabled.
2021-06-29 00:30:13.414  INFO 8528 --- [main] lavalink.server.Launcher                 : 

[32m       .  [31m _                  _ _       _    [32m__ _ _
[32m      /\\ [31m| | __ ___   ____ _| (_)_ __ | | __[32m\ \ \ \
[32m     ( ( )[31m| |/ _` \ \ / / _` | | | '_ \| |/ /[32m \ \ \ \
[32m      \\/ [31m| | (_| |\ V / (_| | | | | | |   < [32m  ) ) ) )
[32m       '  [31m|_|\__,_| \_/ \__,_|_|_|_| |_|_|\_\[32m / / / /
[0m    =========================================[32m/_/_/_/[0m

	Version:        3.3.2.5
	Build:          1222
	Build time:     11.04.2021 08:07:27 UTC
	Branch          master
	Commit:         7b914f2
	Commit time:    09.04.2021 17:14:27 UTC
	JVM:            13
	Lavaplayer      1.3.76

2021-06-29 00:30:13.521  INFO 8528 --- [main] lavalink.server.Launcher                 : Starting Launcher on DESKTOP-AR0T70S with PID 8528 (D:\BOT DISCORD\Roomba\Roomba - Distube + Erela - Copie\roomba-backend\Lavalink.jar started by Alex in D:\BOT DISCORD\Roomba\Roomba - Distube + Erela - Copie\roomba-backend)
2021-06-29 00:30:13.523  INFO 8528 --- [main] lavalink.server.Launcher                 : No active profile set, falling back to default profiles: default
2021-06-29 00:30:13.610  WARN 8528 --- [background-preinit] o.s.h.c.j.Jackson2ObjectMapperBuilder    : For Jackson Kotlin classes support please add "com.fasterxml.jackson.module:jackson-module-kotlin" to the classpath
2021-06-29 00:30:15.176  WARN 8528 --- [main] io.undertow.websockets.jsr               : UT026010: Buffer pool was not set on WebSocketDeploymentInfo, the default pool will be used
2021-06-29 00:30:15.201  INFO 8528 --- [main] io.undertow.servlet                      : Initializing Spring embedded WebApplicationContext
2021-06-29 00:30:15.201  INFO 8528 --- [main] o.s.web.context.ContextLoader            : Root WebApplicationContext: initialization completed in 1633 ms
2021-06-29 00:30:15.527  WARN 8528 --- [main] l.server.config.SentryConfiguration      : Turning off sentry
2021-06-29 00:30:15.853  INFO 8528 --- [main] c.s.d.l.tools.GarbageCollectionMonitor   : GC monitoring enabled, reporting results every 2 minutes.
2021-06-29 00:30:16.527  INFO 8528 --- [main] lavalink.server.config.KoeConfiguration  : OS: Windows 10, Arch: amd64
2021-06-29 00:30:16.527  WARN 8528 --- [main] lavalink.server.config.KoeConfiguration  : This system and architecture appears to not support native audio sending! GC pauses may cause your bot to stutter during playback.
2021-06-29 00:30:16.755  INFO 8528 --- [main] o.s.s.concurrent.ThreadPoolTaskExecutor  : Initializing ExecutorService 'applicationTaskExecutor'
2021-06-29 00:30:17.069  INFO 8528 --- [main] org.xnio                                 : XNIO version 3.3.8.Final
2021-06-29 00:30:17.085  INFO 8528 --- [main] org.xnio.nio                             : XNIO NIO Implementation Version 3.3.8.Final
2021-06-29 00:30:17.155  INFO 8528 --- [main] o.s.b.w.e.u.UndertowServletWebServer     : Undertow started on port(s) 8000 (http) with context path ''
2021-06-29 00:30:17.158  INFO 8528 --- [main] lavalink.server.Launcher                 : Started Launcher in 4.271 seconds (JVM running for 4.756)
2021-06-29 00:30:17.161  INFO 8528 --- [main] lavalink.server.Launcher                 : You can safely ignore the big red warning about illegal reflection. See https://github.com/Frederikam/Lavalink/issues/295
2021-06-29 00:30:32.218  INFO 8528 --- [XNIO-1 task-1] io.undertow.servlet                      : Initializing Spring DispatcherServlet 'dispatcherServlet'
2021-06-29 00:30:32.218  INFO 8528 --- [XNIO-1 task-1] o.s.web.servlet.DispatcherServlet        : Initializing Servlet 'dispatcherServlet'
2021-06-29 00:30:32.225  INFO 8528 --- [XNIO-1 task-1] o.s.web.servlet.DispatcherServlet        : Completed initialization in 3 ms
2021-06-29 00:30:32.243  INFO 8528 --- [XNIO-1 task-1] l.server.io.HandshakeInterceptorImpl     : Incoming connection from /127.0.0.1:52323
2021-06-29 00:30:32.302  INFO 8528 --- [XNIO-1 task-1] lavalink.server.io.SocketServer          : Connection successfully established from /127.0.0.1:52323
2021-06-29 00:31:16.894  INFO 8528 --- [XNIO-1 I/O-4] lavalink.server.io.SocketServer          : Connection closed from /127.0.0.1:52323 -- CloseStatus[code=1006, reason=]
2021-06-29 00:31:16.895  INFO 8528 --- [XNIO-1 I/O-4] lavalink.server.io.SocketContext         : Shutting down 0 playing players.
2021-06-29 00:31:21.545  INFO 8528 --- [XNIO-1 task-2] l.server.io.HandshakeInterceptorImpl     : Incoming connection from /127.0.0.1:52362
2021-06-29 00:31:21.548  INFO 8528 --- [XNIO-1 task-2] lavalink.server.io.SocketServer          : Connection successfully established from /127.0.0.1:52362
2021-06-29 00:31:26.658  INFO 8528 --- [XNIO-1 I/O-3] lavalink.server.io.SocketServer          : Connection closed from /127.0.0.1:52362 -- CloseStatus[code=1006, reason=]
2021-06-29 00:31:26.658  INFO 8528 --- [XNIO-1 I/O-3] lavalink.server.io.SocketContext         : Shutting down 0 playing players.
2021-06-29 00:31:30.478  INFO 8528 --- [XNIO-1 task-3] l.server.io.HandshakeInterceptorImpl     : Incoming connection from /127.0.0.1:52375
2021-06-29 00:31:30.484  INFO 8528 --- [XNIO-1 task-3] lavalink.server.io.SocketServer          : Connection successfully established from /127.0.0.1:52375
2021-06-29 01:09:34.877  INFO 8528 --- [XNIO-1 I/O-8] lavalink.server.io.SocketServer          : Connection closed from /127.0.0.1:52375 -- CloseStatus[code=1006, reason=]
2021-06-29 01:09:34.883  INFO 8528 --- [XNIO-1 I/O-8] lavalink.server.io.SocketContext         : Shutting down 0 playing players.
2021-06-29 01:09:37.443  INFO 8528 --- [Thread-1] o.s.s.concurrent.ThreadPoolTaskExecutor  : Shutting down ExecutorService 'applicationTaskExecutor'
2021-06-29 01:09:37.445  INFO 8528 --- [Thread-1] c.s.d.l.tools.GarbageCollectionMonitor   : GC monitoring disabled.
2021-06-29 01:09:37.450  INFO 8528 --- [Thread-1] io.undertow.servlet                      : Destroying Spring FrameworkServlet 'dispatcherServlet'
